<?xml version="1.0" encoding="UTF-8"?>
<testng-results skipped="0" failed="1" total="6" passed="5">
  <reporter-output>
  </reporter-output>
  <suite name="Default suite" duration-ms="239715" started-at="2018-04-24T12:05:51Z" finished-at="2018-04-24T12:09:51Z">
    <groups>
      <group name="logo">
        <method signature="LoginTest.verifyLogo()[pri:0, instance:com.freecrm.logintest.LoginTest@6737fd8f]" name="verifyLogo" class="com.freecrm.logintest.LoginTest"/>
      </group> <!-- logo -->
      <group name="LoginTest">
        <method signature="LoginTest.LoginTestCase()[pri:0, instance:com.freecrm.logintest.LoginTest@6737fd8f]" name="LoginTestCase" class="com.freecrm.logintest.LoginTest"/>
      </group> <!-- LoginTest -->
      <group name="title">
        <method signature="LoginTest.verifyPageTitle()[pri:0, instance:com.freecrm.logintest.LoginTest@6737fd8f]" name="verifyPageTitle" class="com.freecrm.logintest.LoginTest"/>
      </group> <!-- title -->
    </groups>
    <test name="Default test" duration-ms="239715" started-at="2018-04-24T12:05:51Z" finished-at="2018-04-24T12:09:51Z">
      <class name="com.freecrm.logintest.LoginTest">
        <test-method status="PASS" signature="setExtent()[pri:0, instance:com.freecrm.logintest.LoginTest@6737fd8f]" name="setExtent" is-config="true" duration-ms="173" started-at="2018-04-24T17:35:51Z" finished-at="2018-04-24T17:35:51Z">
          <reporter-output>
          </reporter-output>
        </test-method> <!-- setExtent -->
        <test-method status="PASS" signature="setup()[pri:0, instance:com.freecrm.logintest.LoginTest@6737fd8f]" name="setup" is-config="true" duration-ms="18962" started-at="2018-04-24T17:35:51Z" finished-at="2018-04-24T17:36:10Z">
          <reporter-output>
          </reporter-output>
        </test-method> <!-- setup -->
        <test-method status="PASS" signature="SearchEmailAddress()[pri:0, instance:com.freecrm.logintest.LoginTest@6737fd8f]" name="SearchEmailAddress" duration-ms="23258" started-at="2018-04-24T17:36:10Z" finished-at="2018-04-24T17:36:33Z">
          <reporter-output>
          </reporter-output>
        </test-method> <!-- SearchEmailAddress -->
        <test-method status="PASS" signature="tearDown(org.testng.ITestResult)[pri:0, instance:com.freecrm.logintest.LoginTest@6737fd8f]" name="tearDown" is-config="true" duration-ms="1350" started-at="2018-04-24T17:36:33Z" finished-at="2018-04-24T17:36:35Z">
          <params>
            <param index="0">
              <value>
                <![CDATA[[TestResult name=SearchEmailAddress status=SUCCESS method=LoginTest.SearchEmailAddress()[pri:0, instance:com.freecrm.logintest.LoginTest@6737fd8f] output={null}]]]>
              </value>
            </param>
          </params>
          <reporter-output>
          </reporter-output>
        </test-method> <!-- tearDown -->
        <test-method status="PASS" signature="setup()[pri:0, instance:com.freecrm.logintest.LoginTest@6737fd8f]" name="setup" is-config="true" duration-ms="18599" started-at="2018-04-24T17:36:35Z" finished-at="2018-04-24T17:36:53Z">
          <reporter-output>
          </reporter-output>
        </test-method> <!-- setup -->
        <test-method status="PASS" signature="AddNewContacts()[pri:0, instance:com.freecrm.logintest.LoginTest@6737fd8f]" name="AddNewContacts" duration-ms="24212" started-at="2018-04-24T17:36:53Z" finished-at="2018-04-24T17:37:18Z">
          <reporter-output>
          </reporter-output>
        </test-method> <!-- AddNewContacts -->
        <test-method status="PASS" signature="tearDown(org.testng.ITestResult)[pri:0, instance:com.freecrm.logintest.LoginTest@6737fd8f]" name="tearDown" is-config="true" duration-ms="1560" started-at="2018-04-24T17:37:18Z" finished-at="2018-04-24T17:37:19Z">
          <params>
            <param index="0">
              <value>
                <![CDATA[[TestResult name=AddNewContacts status=SUCCESS method=LoginTest.AddNewContacts()[pri:0, instance:com.freecrm.logintest.LoginTest@6737fd8f] output={null}]]]>
              </value>
            </param>
          </params>
          <reporter-output>
          </reporter-output>
        </test-method> <!-- tearDown -->
        <test-method status="PASS" signature="setup()[pri:0, instance:com.freecrm.logintest.LoginTest@6737fd8f]" name="setup" is-config="true" duration-ms="17421" started-at="2018-04-24T17:37:19Z" finished-at="2018-04-24T17:37:37Z">
          <reporter-output>
          </reporter-output>
        </test-method> <!-- setup -->
        <test-method status="FAIL" signature="NavigateToNewContactsTab()[pri:0, instance:com.freecrm.logintest.LoginTest@6737fd8f]" name="NavigateToNewContactsTab" duration-ms="21689" started-at="2018-04-24T17:37:37Z" finished-at="2018-04-24T17:37:58Z">
          <exception class="org.openqa.selenium.ElementNotInteractableException">
            <message>
              <![CDATA[
Build info: version: '3.10.0', revision: '176b4a9', time: '2018-03-02T19:03:16.397Z'
System info: host: 'BLR1-LP34YG622', ip: '10.42.29.77', os.name: 'Windows 7', os.arch: 'amd64', os.version: '6.1', java.version: '1.8.0_161'
Driver info: org.openqa.selenium.firefox.FirefoxDriver
Capabilities {acceptInsecureCerts: true, browserName: firefox, browserVersion: 54.0, javascriptEnabled: true, moz:accessibilityChecks: false, moz:processID: 13104, moz:profile: C:\Users\e3009192\AppData\L..., pageLoadStrategy: normal, platform: XP, platformName: XP, platformVersion: 6.1, rotatable: false, specificationLevel: 0, timeouts: {implicit: 0, pageLoad: 300000, script: 30000}}
Session ID: 74425e45-c706-4b68-99b6-aa43773ddc85]]>
            </message>
            <full-stacktrace>
              <![CDATA[org.openqa.selenium.ElementNotInteractableException: 
Build info: version: '3.10.0', revision: '176b4a9', time: '2018-03-02T19:03:16.397Z'
System info: host: 'BLR1-LP34YG622', ip: '10.42.29.77', os.name: 'Windows 7', os.arch: 'amd64', os.version: '6.1', java.version: '1.8.0_161'
Driver info: org.openqa.selenium.firefox.FirefoxDriver
Capabilities {acceptInsecureCerts: true, browserName: firefox, browserVersion: 54.0, javascriptEnabled: true, moz:accessibilityChecks: false, moz:processID: 13104, moz:profile: C:\Users\e3009192\AppData\L..., pageLoadStrategy: normal, platform: XP, platformName: XP, platformVersion: 6.1, rotatable: false, specificationLevel: 0, timeouts: {implicit: 0, pageLoad: 300000, script: 30000}}
Session ID: 74425e45-c706-4b68-99b6-aa43773ddc85
	at sun.reflect.NativeConstructorAccessorImpl.newInstance0(Native Method)
	at sun.reflect.NativeConstructorAccessorImpl.newInstance(Unknown Source)
	at sun.reflect.DelegatingConstructorAccessorImpl.newInstance(Unknown Source)
	at java.lang.reflect.Constructor.newInstance(Unknown Source)
	at org.openqa.selenium.remote.http.W3CHttpResponseCodec.createException(W3CHttpResponseCodec.java:187)
	at org.openqa.selenium.remote.http.W3CHttpResponseCodec.decode(W3CHttpResponseCodec.java:122)
	at org.openqa.selenium.remote.http.W3CHttpResponseCodec.decode(W3CHttpResponseCodec.java:49)
	at org.openqa.selenium.remote.HttpCommandExecutor.execute(HttpCommandExecutor.java:160)
	at org.openqa.selenium.remote.service.DriverCommandExecutor.execute(DriverCommandExecutor.java:83)
	at org.openqa.selenium.remote.RemoteWebDriver.execute(RemoteWebDriver.java:601)
	at org.openqa.selenium.remote.RemoteWebElement.execute(RemoteWebElement.java:279)
	at org.openqa.selenium.remote.RemoteWebElement.click(RemoteWebElement.java:83)
	at sun.reflect.NativeMethodAccessorImpl.invoke0(Native Method)
	at sun.reflect.NativeMethodAccessorImpl.invoke(Unknown Source)
	at sun.reflect.DelegatingMethodAccessorImpl.invoke(Unknown Source)
	at java.lang.reflect.Method.invoke(Unknown Source)
	at org.openqa.selenium.support.pagefactory.internal.LocatingElementHandler.invoke(LocatingElementHandler.java:51)
	at com.sun.proxy.$Proxy12.click(Unknown Source)
	at com.freecrm.commonfunctions.CommonFunctions.moveToElementAndClick(CommonFunctions.java:66)
	at com.freecrm.pages.HomePage.NavigateToNewContactsPage(HomePage.java:28)
	at com.freecrm.logintest.LoginTest.NavigateToNewContactsTab(LoginTest.java:103)
	at sun.reflect.NativeMethodAccessorImpl.invoke0(Native Method)
	at sun.reflect.NativeMethodAccessorImpl.invoke(Unknown Source)
	at sun.reflect.DelegatingMethodAccessorImpl.invoke(Unknown Source)
	at java.lang.reflect.Method.invoke(Unknown Source)
	at org.testng.internal.MethodInvocationHelper.invokeMethod(MethodInvocationHelper.java:80)
	at org.testng.internal.Invoker.invokeMethod(Invoker.java:714)
	at org.testng.internal.Invoker.invokeTestMethod(Invoker.java:901)
	at org.testng.internal.Invoker.invokeTestMethods(Invoker.java:1231)
	at org.testng.internal.TestMethodWorker.invokeTestMethods(TestMethodWorker.java:127)
	at org.testng.internal.TestMethodWorker.run(TestMethodWorker.java:111)
	at org.testng.TestRunner.privateRun(TestRunner.java:767)
	at org.testng.TestRunner.run(TestRunner.java:617)
	at org.testng.SuiteRunner.runTest(SuiteRunner.java:334)
	at org.testng.SuiteRunner.runSequentially(SuiteRunner.java:329)
	at org.testng.SuiteRunner.privateRun(SuiteRunner.java:291)
	at org.testng.SuiteRunner.run(SuiteRunner.java:240)
	at org.testng.SuiteRunnerWorker.runSuite(SuiteRunnerWorker.java:52)
	at org.testng.SuiteRunnerWorker.run(SuiteRunnerWorker.java:86)
	at org.testng.TestNG.runSuitesSequentially(TestNG.java:1198)
	at org.testng.TestNG.runSuitesLocally(TestNG.java:1123)
	at org.testng.TestNG.run(TestNG.java:1031)
	at org.testng.remote.AbstractRemoteTestNG.run(AbstractRemoteTestNG.java:114)
	at org.testng.remote.RemoteTestNG.initAndRun(RemoteTestNG.java:251)
	at org.testng.remote.RemoteTestNG.main(RemoteTestNG.java:77)
]]>
            </full-stacktrace>
          </exception> <!-- org.openqa.selenium.ElementNotInteractableException -->
          <reporter-output>
          </reporter-output>
        </test-method> <!-- NavigateToNewContactsTab -->
        <test-method status="PASS" signature="tearDown(org.testng.ITestResult)[pri:0, instance:com.freecrm.logintest.LoginTest@6737fd8f]" name="tearDown" is-config="true" duration-ms="1605" started-at="2018-04-24T17:37:58Z" finished-at="2018-04-24T17:38:00Z">
          <params>
            <param index="0">
              <value>
                <![CDATA[[TestResult name=NavigateToNewContactsTab status=FAILURE method=LoginTest.NavigateToNewContactsTab()[pri:0, instance:com.freecrm.logintest.LoginTest@6737fd8f] output={null}]]]>
              </value>
            </param>
          </params>
          <reporter-output>
          </reporter-output>
        </test-method> <!-- tearDown -->
        <test-method status="PASS" signature="setup()[pri:0, instance:com.freecrm.logintest.LoginTest@6737fd8f]" name="setup" is-config="true" duration-ms="17054" started-at="2018-04-24T17:38:00Z" finished-at="2018-04-24T17:38:17Z">
          <reporter-output>
          </reporter-output>
        </test-method> <!-- setup -->
        <test-method status="PASS" signature="LoginTestCase()[pri:0, instance:com.freecrm.logintest.LoginTest@6737fd8f]" name="LoginTestCase" duration-ms="21510" started-at="2018-04-24T17:38:17Z" finished-at="2018-04-24T17:38:38Z">
          <reporter-output>
          </reporter-output>
        </test-method> <!-- LoginTestCase -->
        <test-method status="PASS" signature="tearDown(org.testng.ITestResult)[pri:0, instance:com.freecrm.logintest.LoginTest@6737fd8f]" name="tearDown" is-config="true" duration-ms="1359" started-at="2018-04-24T17:38:38Z" finished-at="2018-04-24T17:38:40Z">
          <params>
            <param index="0">
              <value>
                <![CDATA[[TestResult name=LoginTestCase status=SUCCESS method=LoginTest.LoginTestCase()[pri:0, instance:com.freecrm.logintest.LoginTest@6737fd8f] output={null}]]]>
              </value>
            </param>
          </params>
          <reporter-output>
          </reporter-output>
        </test-method> <!-- tearDown -->
        <test-method status="PASS" signature="setup()[pri:0, instance:com.freecrm.logintest.LoginTest@6737fd8f]" name="setup" is-config="true" duration-ms="19774" started-at="2018-04-24T17:38:40Z" finished-at="2018-04-24T17:39:00Z">
          <reporter-output>
          </reporter-output>
        </test-method> <!-- setup -->
        <test-method status="PASS" signature="verifyLogo()[pri:0, instance:com.freecrm.logintest.LoginTest@6737fd8f]" name="verifyLogo" duration-ms="89" started-at="2018-04-24T17:39:00Z" finished-at="2018-04-24T17:39:00Z">
          <reporter-output>
          </reporter-output>
        </test-method> <!-- verifyLogo -->
        <test-method status="PASS" signature="tearDown(org.testng.ITestResult)[pri:0, instance:com.freecrm.logintest.LoginTest@6737fd8f]" name="tearDown" is-config="true" duration-ms="1342" started-at="2018-04-24T17:39:00Z" finished-at="2018-04-24T17:39:01Z">
          <params>
            <param index="0">
              <value>
                <![CDATA[[TestResult name=verifyLogo status=SUCCESS method=LoginTest.verifyLogo()[pri:0, instance:com.freecrm.logintest.LoginTest@6737fd8f] output={null}]]]>
              </value>
            </param>
          </params>
          <reporter-output>
          </reporter-output>
        </test-method> <!-- tearDown -->
        <test-method status="PASS" signature="setup()[pri:0, instance:com.freecrm.logintest.LoginTest@6737fd8f]" name="setup" is-config="true" duration-ms="47677" started-at="2018-04-24T17:39:01Z" finished-at="2018-04-24T17:39:49Z">
          <reporter-output>
          </reporter-output>
        </test-method> <!-- setup -->
        <test-method status="PASS" signature="verifyPageTitle()[pri:0, instance:com.freecrm.logintest.LoginTest@6737fd8f]" name="verifyPageTitle" duration-ms="144" started-at="2018-04-24T17:39:49Z" finished-at="2018-04-24T17:39:49Z">
          <reporter-output>
          </reporter-output>
        </test-method> <!-- verifyPageTitle -->
        <test-method status="PASS" signature="tearDown(org.testng.ITestResult)[pri:0, instance:com.freecrm.logintest.LoginTest@6737fd8f]" name="tearDown" is-config="true" duration-ms="1343" started-at="2018-04-24T17:39:49Z" finished-at="2018-04-24T17:39:50Z">
          <params>
            <param index="0">
              <value>
                <![CDATA[[TestResult name=verifyPageTitle status=SUCCESS method=LoginTest.verifyPageTitle()[pri:0, instance:com.freecrm.logintest.LoginTest@6737fd8f] output={null}]]]>
              </value>
            </param>
          </params>
          <reporter-output>
          </reporter-output>
        </test-method> <!-- tearDown -->
        <test-method status="PASS" signature="endReport()[pri:0, instance:com.freecrm.logintest.LoginTest@6737fd8f]" name="endReport" is-config="true" duration-ms="561" started-at="2018-04-24T17:39:50Z" finished-at="2018-04-24T17:39:51Z">
          <reporter-output>
          </reporter-output>
        </test-method> <!-- endReport -->
      </class> <!-- com.freecrm.logintest.LoginTest -->
    </test> <!-- Default test -->
  </suite> <!-- Default suite -->
</testng-results>
